<?xml version="1.0" encoding="UTF-8"?>
<!-- Generated by org.testng.reporters.JUnitXMLReporter -->
<testsuite ignored="0" hostname="Thuvas-MacBook-Air.local" failures="0" tests="3" name="Master Test" time="327.053" errors="0" timestamp="2024-07-27T21:54:06 IST">
  <testcase classname="testCases.TC001_UsersAreAbleToSearchForAnItemUsingTheSearchBarTest" name="validate_that_the_results_returned_matches_the_search_term" time="32.103"/>
  <testcase classname="testCases.TC002_SearchResultsUnderWomensTopsSectionByCategoryAndColorTest" name="validate_that_the_results_returned_matches_the_filter_criteria" time="124.205"/>
  <testcase classname="testCases.TC003_ClothingItemFromTheGearSectionAndAddThemToTheCartTest" name="validate_that_the_item_has_successfully_been_added_to_the_cart" time="69.023"/>
</testsuite> <!-- Master Test -->
