<?xml version="1.0" encoding="UTF-8"?>
<testng-results ignored="0" total="3" passed="3" failed="0" skipped="0">
  <reporter-output>
  </reporter-output>
  <suite started-at="2024-07-27T21:48:39 IST" name="Master Suite" finished-at="2024-07-27T21:54:06 IST" duration-ms="327053">
    <groups>
    </groups>
    <test started-at="2024-07-27T21:48:39 IST" name="Master Test" finished-at="2024-07-27T21:54:06 IST" duration-ms="327053">
      <class name="testCases.TC002_SearchResultsUnderWomensTopsSectionByCategoryAndColorTest">
        <test-method is-config="true" signature="setup()[pri:0, instance:testCases.TC002_SearchResultsUnderWomensTopsSectionByCategoryAndColorTest@336f1079]" started-at="2024-07-27T21:49:45 IST" name="setup" finished-at="2024-07-27T21:50:18 IST" duration-ms="32964" status="PASS">
          <reporter-output>
          </reporter-output>
        </test-method> <!-- setup -->
        <test-method signature="validate_that_the_results_returned_matches_the_filter_criteria()[pri:0, instance:testCases.TC002_SearchResultsUnderWomensTopsSectionByCategoryAndColorTest@336f1079]" started-at="2024-07-27T21:50:18 IST" name="validate_that_the_results_returned_matches_the_filter_criteria" finished-at="2024-07-27T21:52:22 IST" duration-ms="124205" status="PASS">
          <reporter-output>
          </reporter-output>
        </test-method> <!-- validate_that_the_results_returned_matches_the_filter_criteria -->
        <test-method is-config="true" signature="tearDown()[pri:0, instance:testCases.TC002_SearchResultsUnderWomensTopsSectionByCategoryAndColorTest@336f1079]" started-at="2024-07-27T21:52:22 IST" name="tearDown" finished-at="2024-07-27T21:52:23 IST" duration-ms="123" status="PASS">
          <reporter-output>
          </reporter-output>
        </test-method> <!-- tearDown -->
      </class> <!-- testCases.TC002_SearchResultsUnderWomensTopsSectionByCategoryAndColorTest -->
      <class name="testCases.TC003_ClothingItemFromTheGearSectionAndAddThemToTheCartTest">
        <test-method is-config="true" signature="setup()[pri:0, instance:testCases.TC003_ClothingItemFromTheGearSectionAndAddThemToTheCartTest@2f16c6b3]" started-at="2024-07-27T21:52:23 IST" name="setup" finished-at="2024-07-27T21:52:57 IST" duration-ms="34142" status="PASS">
          <reporter-output>
          </reporter-output>
        </test-method> <!-- setup -->
        <test-method signature="validate_that_the_item_has_successfully_been_added_to_the_cart()[pri:0, instance:testCases.TC003_ClothingItemFromTheGearSectionAndAddThemToTheCartTest@2f16c6b3]" started-at="2024-07-27T21:52:57 IST" name="validate_that_the_item_has_successfully_been_added_to_the_cart" finished-at="2024-07-27T21:54:06 IST" duration-ms="69023" status="PASS">
          <reporter-output>
          </reporter-output>
        </test-method> <!-- validate_that_the_item_has_successfully_been_added_to_the_cart -->
        <test-method is-config="true" signature="tearDown()[pri:0, instance:testCases.TC003_ClothingItemFromTheGearSectionAndAddThemToTheCartTest@2f16c6b3]" started-at="2024-07-27T21:54:06 IST" name="tearDown" finished-at="2024-07-27T21:54:06 IST" duration-ms="124" status="PASS">
          <reporter-output>
          </reporter-output>
        </test-method> <!-- tearDown -->
      </class> <!-- testCases.TC003_ClothingItemFromTheGearSectionAndAddThemToTheCartTest -->
      <class name="testCases.TC001_UsersAreAbleToSearchForAnItemUsingTheSearchBarTest">
        <test-method is-config="true" signature="setup()[pri:0, instance:testCases.TC001_UsersAreAbleToSearchForAnItemUsingTheSearchBarTest@55493582]" started-at="2024-07-27T21:48:39 IST" name="setup" finished-at="2024-07-27T21:49:13 IST" duration-ms="34229" status="PASS">
          <reporter-output>
          </reporter-output>
        </test-method> <!-- setup -->
        <test-method signature="validate_that_the_results_returned_matches_the_search_term()[pri:0, instance:testCases.TC001_UsersAreAbleToSearchForAnItemUsingTheSearchBarTest@55493582]" started-at="2024-07-27T21:49:13 IST" name="validate_that_the_results_returned_matches_the_search_term" finished-at="2024-07-27T21:49:45 IST" duration-ms="32103" status="PASS">
          <reporter-output>
          </reporter-output>
        </test-method> <!-- validate_that_the_results_returned_matches_the_search_term -->
        <test-method is-config="true" signature="tearDown()[pri:0, instance:testCases.TC001_UsersAreAbleToSearchForAnItemUsingTheSearchBarTest@55493582]" started-at="2024-07-27T21:49:45 IST" name="tearDown" finished-at="2024-07-27T21:49:45 IST" duration-ms="113" status="PASS">
          <reporter-output>
          </reporter-output>
        </test-method> <!-- tearDown -->
      </class> <!-- testCases.TC001_UsersAreAbleToSearchForAnItemUsingTheSearchBarTest -->
    </test> <!-- Master Test -->
  </suite> <!-- Master Suite -->
</testng-results>
